<?xml version="1.0" encoding="UTF-8"?>
<robot generator="Robot 3.0.2 (Python 3.6.0 on win32)" generated="20171125 14:35:33.634">
<suite id="s1" name="Register.Spec" source="D:\58160381\06-register-robot\test\register.spec.robot">
<test id="s1-t1" name="Check all required fields in registration form">
<kw name="Open Browser" library="SeleniumLibrary">
<doc>Opens a new browser instance to the given ``url``.</doc>
<arguments>
<arg>http://bit.ly/2BajZDe</arg>
<arg>chrome</arg>
</arguments>
<msg timestamp="20171125 14:35:33.743" level="INFO">Opening browser 'chrome' to base url 'http://bit.ly/2BajZDe'.</msg>
<status status="PASS" starttime="20171125 14:35:33.743" endtime="20171125 14:35:37.716"></status>
</kw>
<kw name="Click Element" library="SeleniumLibrary">
<doc>Click element identified by ``locator``.</doc>
<arguments>
<arg>id=btn_submit</arg>
</arguments>
<msg timestamp="20171125 14:35:37.716" level="INFO">Clicking element 'id=btn_submit'.</msg>
<status status="PASS" starttime="20171125 14:35:37.716" endtime="20171125 14:35:37.824"></status>
</kw>
<kw name="Wait Until Page Contains" library="SeleniumLibrary">
<doc>Waits until ``text`` appears on current page.</doc>
<arguments>
<arg>The Email field is required.</arg>
</arguments>
<status status="PASS" starttime="20171125 14:35:37.825" endtime="20171125 14:35:37.848"></status>
</kw>
<kw name="Wait Until Page Contains" library="SeleniumLibrary">
<doc>Waits until ``text`` appears on current page.</doc>
<arguments>
<arg>The Password field is required.</arg>
</arguments>
<status status="PASS" starttime="20171125 14:35:37.848" endtime="20171125 14:35:37.865"></status>
</kw>
<kw name="Wait Until Page Contains" library="SeleniumLibrary">
<doc>Waits until ``text`` appears on current page.</doc>
<arguments>
<arg>The Re-type Password field is required</arg>
</arguments>
<status status="PASS" starttime="20171125 14:35:37.865" endtime="20171125 14:35:37.880"></status>
</kw>
<kw name="Wait Until Page Contains" library="SeleniumLibrary">
<doc>Waits until ``text`` appears on current page.</doc>
<arguments>
<arg>The Name field is required.</arg>
</arguments>
<status status="PASS" starttime="20171125 14:35:37.880" endtime="20171125 14:35:37.896"></status>
</kw>
<status status="PASS" starttime="20171125 14:35:33.743" endtime="20171125 14:35:37.896" critical="yes"></status>
</test>
<test id="s1-t2" name="Register successfully when input valid data">
<kw name="Open Browser" library="SeleniumLibrary">
<doc>Opens a new browser instance to the given ``url``.</doc>
<arguments>
<arg>http://bit.ly/2BajZDe</arg>
<arg>chrome</arg>
</arguments>
<msg timestamp="20171125 14:35:37.897" level="INFO">Opening browser 'chrome' to base url 'http://bit.ly/2BajZDe'.</msg>
<status status="PASS" starttime="20171125 14:35:37.897" endtime="20171125 14:35:41.895"></status>
</kw>
<kw name="Input Text" library="SeleniumLibrary">
<doc>Types the given ``text`` into text field identified by ``locator``.</doc>
<arguments>
<arg>id=email</arg>
<arg>gus1234@hotmail.com</arg>
</arguments>
<msg timestamp="20171125 14:35:41.896" level="INFO">Typing text 'gus1234@hotmail.com' into text field 'id=email'.</msg>
<status status="PASS" starttime="20171125 14:35:41.895" endtime="20171125 14:35:42.032"></status>
</kw>
<kw name="Input Password" library="SeleniumLibrary">
<doc>Types the given password into text field identified by ``locator``.</doc>
<arguments>
<arg>id=password</arg>
<arg>password</arg>
</arguments>
<msg timestamp="20171125 14:35:42.033" level="INFO">Typing password into text field 'id=password'.</msg>
<status status="PASS" starttime="20171125 14:35:42.033" endtime="20171125 14:35:42.114"></status>
</kw>
<kw name="Input Password" library="SeleniumLibrary">
<doc>Types the given password into text field identified by ``locator``.</doc>
<arguments>
<arg>id=repassword</arg>
<arg>password</arg>
</arguments>
<msg timestamp="20171125 14:35:42.114" level="INFO">Typing password into text field 'id=repassword'.</msg>
<status status="PASS" starttime="20171125 14:35:42.114" endtime="20171125 14:35:42.194"></status>
</kw>
<kw name="Input Text" library="SeleniumLibrary">
<doc>Types the given ``text`` into text field identified by ``locator``.</doc>
<arguments>
<arg>id=name</arg>
<arg>gus</arg>
</arguments>
<msg timestamp="20171125 14:35:42.194" level="INFO">Typing text 'gus' into text field 'id=name'.</msg>
<status status="PASS" starttime="20171125 14:35:42.194" endtime="20171125 14:35:42.265"></status>
</kw>
<kw name="Click Element" library="SeleniumLibrary">
<doc>Click element identified by ``locator``.</doc>
<arguments>
<arg>id=btn_submit</arg>
</arguments>
<msg timestamp="20171125 14:35:42.265" level="INFO">Clicking element 'id=btn_submit'.</msg>
<status status="PASS" starttime="20171125 14:35:42.265" endtime="20171125 14:35:42.440"></status>
</kw>
<kw name="Wait Until Page Contains" library="SeleniumLibrary">
<doc>Waits until ``text`` appears on current page.</doc>
<arguments>
<arg>gus1234@hotmail.com</arg>
</arguments>
<status status="PASS" starttime="20171125 14:35:42.440" endtime="20171125 14:35:42.463"></status>
</kw>
<status status="PASS" starttime="20171125 14:35:37.896" endtime="20171125 14:35:42.463" critical="yes"></status>
</test>
<kw name="Close All Browsers" library="SeleniumLibrary" type="teardown">
<doc>Closes all open browsers and resets the browser cache.</doc>
<status status="PASS" starttime="20171125 14:35:42.464" endtime="20171125 14:35:48.560"></status>
</kw>
<status status="PASS" starttime="20171125 14:35:33.649" endtime="20171125 14:35:48.560"></status>
</suite>
<statistics>
<total>
<stat pass="2" fail="0">Critical Tests</stat>
<stat pass="2" fail="0">All Tests</stat>
</total>
<tag>
</tag>
<suite>
<stat pass="2" fail="0" id="s1" name="Register.Spec">Register.Spec</stat>
</suite>
</statistics>
<errors>
</errors>
</robot>
